<?xml version="1.0" encoding="UTF-8"?>
<testng-results ignored="0" total="1" passed="1" failed="0" skipped="0">
  <reporter-output>
  </reporter-output>
  <suite started-at="2021-02-23T11:13:54 IST" name="Default suite" finished-at="2021-02-23T11:17:31 IST" duration-ms="216971">
    <groups>
    </groups>
    <test started-at="2021-02-23T11:13:54 IST" name="Default test" finished-at="2021-02-23T11:17:31 IST" duration-ms="216971">
      <class name="com.Scripts.FutureDate">
        <test-method signature="fd()[pri:0, instance:com.Scripts.FutureDate@62230c58]" started-at="2021-02-23T11:13:54 IST" name="fd" finished-at="2021-02-23T11:17:31 IST" duration-ms="216907" status="PASS">
          <reporter-output>
          </reporter-output>
        </test-method> <!-- fd -->
      </class> <!-- com.Scripts.FutureDate -->
    </test> <!-- Default test -->
  </suite> <!-- Default suite -->
</testng-results>
